[2025-08-30 21:51:15.071] === Russian Helper Application Starting ===
[2025-08-30 21:51:15.080] Current Directory: D:\russian-helper\RussianHelper\bin\Debug\net8.0-windows\
[2025-08-30 21:51:15.081] OS Version: Microsoft Windows NT 10.0.26100.0
[2025-08-30 21:51:15.081] .NET Version: 8.0.19
[2025-08-30 21:51:15.081] Is 64-bit: True
[2025-08-30 21:51:15.081] Application constructor completed successfully
[2025-08-30 21:51:15.112] OnStartup called
[2025-08-30 21:51:15.113] Startup arguments: 
[2025-08-30 21:51:15.113] OnStartup completed successfully
[2025-08-30 21:51:15.134] [MainWindow] MainWindow constructor starting
[2025-08-30 21:51:15.332] [MainWindow] ERROR in UpdateWordCount: System.NullReferenceException: Object reference not set to an instance of an object.
   at RussianHelper.MainWindow.UpdateWordCount() in D:\russian-helper\RussianHelper\MainWindow.xaml.cs:line 109
[2025-08-30 21:51:15.344] [MainWindow] InitializeComponent completed
[2025-08-30 21:51:15.345] [MainWindow] Hover timer initialized
[2025-08-30 21:51:15.347] [MainWindow] ERROR in MainWindow constructor: System.ArgumentException: An item with the same key has already been added. Key: как
   at System.Collections.Generic.Dictionary`2.TryInsert(TKey key, TValue value, InsertionBehavior behavior)
   at System.Collections.Generic.Dictionary`2.Add(TKey key, TValue value)
   at RussianHelper.RussianLanguageProcessor.InitializeCommonWords() in D:\russian-helper\RussianHelper\RussianLanguageProcessor.cs:line 165
   at RussianHelper.RussianLanguageProcessor..ctor() in D:\russian-helper\RussianHelper\RussianLanguageProcessor.cs:line 18
   at RussianHelper.MainWindow..ctor() in D:\russian-helper\RussianHelper\MainWindow.xaml.cs:line 44
[2025-08-30 21:51:49.791] DISPATCHER UNHANDLED EXCEPTION: System.Windows.Markup.XamlParseException: “对类型“RussianHelper.MainWindow”的构造函数执行符合指定的绑定约束的调用时引发了异常。”，行号为“3”，行位置为“9”。
 ---> System.ArgumentException: An item with the same key has already been added. Key: как
   at System.Collections.Generic.Dictionary`2.TryInsert(TKey key, TValue value, InsertionBehavior behavior)
   at System.Collections.Generic.Dictionary`2.Add(TKey key, TValue value)
   at RussianHelper.RussianLanguageProcessor.InitializeCommonWords() in D:\russian-helper\RussianHelper\RussianLanguageProcessor.cs:line 165
   at RussianHelper.RussianLanguageProcessor..ctor() in D:\russian-helper\RussianHelper\RussianLanguageProcessor.cs:line 18
   at RussianHelper.MainWindow..ctor() in D:\russian-helper\RussianHelper\MainWindow.xaml.cs:line 44
   at System.RuntimeType.CreateInstanceDefaultCtor(Boolean publicOnly, Boolean wrapExceptions)
   --- End of inner exception stack trace ---
   at System.Windows.Markup.XamlReader.RewrapException(Exception e, IXamlLineInfo lineInfo, Uri baseUri)
   at System.Windows.Markup.WpfXamlLoader.Load(XamlReader xamlReader, IXamlObjectWriterFactory writerFactory, Boolean skipJournaledProperties, Object rootObject, XamlObjectWriterSettings settings, Uri baseUri)
   at System.Windows.Markup.WpfXamlLoader.LoadBaml(XamlReader xamlReader, Boolean skipJournaledProperties, Object rootObject, XamlAccessLevel accessLevel, Uri baseUri)
   at System.Windows.Markup.XamlReader.LoadBaml(Stream stream, ParserContext parserContext, Object parent, Boolean closeStream)
   at System.Windows.Application.LoadBamlStreamWithSyncInfo(Stream stream, ParserContext pc)
   at System.Windows.Application.DoStartup()
   at System.Windows.Application.<.ctor>b__1_0(Object unused)
   at System.Windows.Threading.ExceptionWrapper.InternalRealCall(Delegate callback, Object args, Int32 numArgs)
   at System.Windows.Threading.ExceptionWrapper.TryCatchWhen(Object source, Delegate callback, Object args, Int32 numArgs, Delegate catchHandler)
[2025-08-30 21:51:49.792] Exception Source: PresentationFramework
[2025-08-30 21:51:49.792] Exception Stack Trace:    at System.Windows.Markup.XamlReader.RewrapException(Exception e, IXamlLineInfo lineInfo, Uri baseUri)
   at System.Windows.Markup.WpfXamlLoader.Load(XamlReader xamlReader, IXamlObjectWriterFactory writerFactory, Boolean skipJournaledProperties, Object rootObject, XamlObjectWriterSettings settings, Uri baseUri)
   at System.Windows.Markup.WpfXamlLoader.LoadBaml(XamlReader xamlReader, Boolean skipJournaledProperties, Object rootObject, XamlAccessLevel accessLevel, Uri baseUri)
   at System.Windows.Markup.XamlReader.LoadBaml(Stream stream, ParserContext parserContext, Object parent, Boolean closeStream)
   at System.Windows.Application.LoadBamlStreamWithSyncInfo(Stream stream, ParserContext pc)
   at System.Windows.Application.DoStartup()
   at System.Windows.Application.<.ctor>b__1_0(Object unused)
   at System.Windows.Threading.ExceptionWrapper.InternalRealCall(Delegate callback, Object args, Int32 numArgs)
   at System.Windows.Threading.ExceptionWrapper.TryCatchWhen(Object source, Delegate callback, Object args, Int32 numArgs, Delegate catchHandler)
[2025-08-30 21:53:44.143] === Russian Helper Application Starting ===
[2025-08-30 21:53:44.151] Current Directory: D:\russian-helper\RussianHelper\bin\Debug\net8.0-windows\
[2025-08-30 21:53:44.152] OS Version: Microsoft Windows NT 10.0.26100.0
[2025-08-30 21:53:44.152] .NET Version: 8.0.19
[2025-08-30 21:53:44.152] Is 64-bit: True
[2025-08-30 21:53:44.152] Application constructor completed successfully
[2025-08-30 21:53:44.182] OnStartup called
[2025-08-30 21:53:44.182] Startup arguments: 
[2025-08-30 21:53:44.182] OnStartup completed successfully
[2025-08-30 21:53:44.201] [MainWindow] MainWindow constructor starting
[2025-08-30 21:53:44.391] [MainWindow] ERROR in UpdateWordCount: System.NullReferenceException: Object reference not set to an instance of an object.
   at RussianHelper.MainWindow.UpdateWordCount() in D:\russian-helper\RussianHelper\MainWindow.xaml.cs:line 109
[2025-08-30 21:53:44.405] [MainWindow] InitializeComponent completed
[2025-08-30 21:53:44.405] [MainWindow] Hover timer initialized
[2025-08-30 21:53:44.406] [MainWindow] RussianLanguageProcessor initialized
[2025-08-30 21:53:44.409] [MainWindow] TranslationService initialized
[2025-08-30 21:53:44.410] [MainWindow] Initializing flashcards
[2025-08-30 21:53:44.410] [MainWindow] Flashcards initialized with 41 words
[2025-08-30 21:53:44.410] [MainWindow] Flashcards initialized
[2025-08-30 21:53:44.410] [MainWindow] Word count updated
[2025-08-30 21:53:44.410] [MainWindow] MainWindow constructor completed successfully
[2025-08-30 22:01:38.171] === Russian Helper Application Starting ===
[2025-08-30 22:01:38.179] Current Directory: D:\russian-helper\RussianHelper\bin\Debug\net8.0-windows\
[2025-08-30 22:01:38.180] OS Version: Microsoft Windows NT 10.0.26100.0
[2025-08-30 22:01:38.180] .NET Version: 8.0.19
[2025-08-30 22:01:38.180] Is 64-bit: True
[2025-08-30 22:01:38.180] Application constructor completed successfully
[2025-08-30 22:01:38.213] OnStartup called
[2025-08-30 22:01:38.213] Startup arguments: 
[2025-08-30 22:01:38.213] OnStartup completed successfully
[2025-08-30 22:01:38.232] [MainWindow] MainWindow constructor starting
[2025-08-30 22:01:38.421] [MainWindow] ERROR in UpdateWordCount: System.NullReferenceException: Object reference not set to an instance of an object.
   at RussianHelper.MainWindow.UpdateWordCount() in D:\russian-helper\RussianHelper\MainWindow.xaml.cs:line 109
[2025-08-30 22:01:38.434] [MainWindow] InitializeComponent completed
[2025-08-30 22:01:38.435] [MainWindow] Hover timer initialized
[2025-08-30 22:01:38.436] [MainWindow] RussianLanguageProcessor initialized
[2025-08-30 22:01:38.496] [MainWindow] TranslationService initialized
[2025-08-30 22:01:38.496] [MainWindow] Initializing flashcards
[2025-08-30 22:01:38.496] [MainWindow] Flashcards initialized with 41 words
[2025-08-30 22:01:38.496] [MainWindow] Flashcards initialized
[2025-08-30 22:01:38.496] [MainWindow] Word count updated
[2025-08-30 22:01:38.497] [MainWindow] MainWindow constructor completed successfully
[2025-08-30 22:11:38.307] === Russian Helper Application Starting ===
[2025-08-30 22:11:38.321] Current Directory: D:\russian-helper\RussianHelper\bin\Debug\net8.0-windows\
[2025-08-30 22:11:38.322] OS Version: Microsoft Windows NT 10.0.26100.0
[2025-08-30 22:11:38.323] .NET Version: 8.0.19
[2025-08-30 22:11:38.323] Is 64-bit: True
[2025-08-30 22:11:38.323] Application constructor completed successfully
[2025-08-30 22:11:38.366] OnStartup called
[2025-08-30 22:11:38.367] Startup arguments: 
[2025-08-30 22:11:38.367] OnStartup completed successfully
[2025-08-30 22:11:38.398] [MainWindow] MainWindow constructor starting
[2025-08-30 22:11:38.624] [MainWindow] ERROR in UpdateWordCount: System.NullReferenceException: Object reference not set to an instance of an object.
   at RussianHelper.MainWindow.UpdateWordCount() in D:\russian-helper\RussianHelper\MainWindow.xaml.cs:line 121
[2025-08-30 22:11:38.635] [MainWindow] InitializeComponent completed
[2025-08-30 22:11:38.636] [MainWindow] Hover timer initialized
[2025-08-30 22:11:38.637] [MainWindow] RussianLanguageProcessor initialized
[2025-08-30 22:11:38.644] [MainWindow] TranslationService initialized
[2025-08-30 22:11:39.087] [MainWindow] GlobalPopupWindow initialized
[2025-08-30 22:11:39.087] [MainWindow] GlobalHookService initialized
[2025-08-30 22:11:39.088] [MainWindow] Initializing flashcards
[2025-08-30 22:11:39.088] [MainWindow] Flashcards initialized with 41 words
[2025-08-30 22:11:39.088] [MainWindow] Flashcards initialized
[2025-08-30 22:11:39.089] [MainWindow] Word count updated
[2025-08-30 22:11:39.089] [MainWindow] MainWindow constructor completed successfully
[2025-08-30 22:14:33.592] === Russian Helper Application Starting ===
[2025-08-30 22:14:33.600] Current Directory: D:\russian-helper\RussianHelper\bin\Debug\net8.0-windows\
[2025-08-30 22:14:33.601] OS Version: Microsoft Windows NT 10.0.26100.0
[2025-08-30 22:14:33.601] .NET Version: 8.0.19
[2025-08-30 22:14:33.601] Is 64-bit: True
[2025-08-30 22:14:33.601] Application constructor completed successfully
[2025-08-30 22:14:33.631] OnStartup called
[2025-08-30 22:14:33.632] Startup arguments: 
[2025-08-30 22:14:33.632] OnStartup completed successfully
[2025-08-30 22:14:33.652] [MainWindow] MainWindow constructor starting
[2025-08-30 22:14:33.852] [MainWindow] ERROR in UpdateWordCount: System.NullReferenceException: Object reference not set to an instance of an object.
   at RussianHelper.MainWindow.UpdateWordCount() in D:\russian-helper\RussianHelper\MainWindow.xaml.cs:line 121
[2025-08-30 22:14:33.866] [MainWindow] InitializeComponent completed
[2025-08-30 22:14:33.866] [MainWindow] Hover timer initialized
[2025-08-30 22:14:33.868] [MainWindow] RussianLanguageProcessor initialized
[2025-08-30 22:14:33.873] [MainWindow] TranslationService initialized
[2025-08-30 22:14:33.930] [MainWindow] GlobalPopupWindow initialized
[2025-08-30 22:14:33.930] [MainWindow] GlobalHookService initialized
[2025-08-30 22:14:33.932] [MainWindow] Initializing flashcards
[2025-08-30 22:14:33.932] [MainWindow] Flashcards initialized with 41 words
[2025-08-30 22:14:33.932] [MainWindow] Flashcards initialized
[2025-08-30 22:14:33.933] [MainWindow] Word count updated
[2025-08-30 22:14:33.933] [MainWindow] MainWindow constructor completed successfully
[2025-08-30 22:19:48.665] === Russian Helper Application Starting ===
[2025-08-30 22:19:48.673] Current Directory: D:\russian-helper\RussianHelper\bin\Debug\net8.0-windows\
[2025-08-30 22:19:48.673] OS Version: Microsoft Windows NT 10.0.26100.0
[2025-08-30 22:19:48.674] .NET Version: 8.0.19
[2025-08-30 22:19:48.674] Is 64-bit: True
[2025-08-30 22:19:48.674] Application constructor completed successfully
[2025-08-30 22:19:48.702] OnStartup called
[2025-08-30 22:19:48.703] Startup arguments: 
[2025-08-30 22:19:48.703] OnStartup completed successfully
[2025-08-30 22:19:48.722] [MainWindow] MainWindow constructor starting
[2025-08-30 22:19:48.912] [MainWindow] ERROR in UpdateWordCount: System.NullReferenceException: Object reference not set to an instance of an object.
   at RussianHelper.MainWindow.UpdateWordCount() in D:\russian-helper\RussianHelper\MainWindow.xaml.cs:line 129
[2025-08-30 22:19:48.927] [MainWindow] InitializeComponent completed
[2025-08-30 22:19:48.927] [MainWindow] Hover timer initialized
[2025-08-30 22:19:48.929] [MainWindow] RussianLanguageProcessor initialized
[2025-08-30 22:19:48.935] [MainWindow] TranslationService initialized
[2025-08-30 22:19:48.987] [MainWindow] GlobalPopupWindow initialized
[2025-08-30 22:19:48.988] [MainWindow] GlobalHookService initialized
[2025-08-30 22:19:48.988] [MainWindow] Initializing flashcards
[2025-08-30 22:19:48.988] [MainWindow] Flashcards initialized with 41 words
[2025-08-30 22:19:48.988] [MainWindow] Flashcards initialized
[2025-08-30 22:19:48.989] [MainWindow] Word count updated
[2025-08-30 22:19:48.989] [MainWindow] MainWindow constructor completed successfully
[2025-08-30 22:20:54.993] [MainWindow] Global hook enabled
[2025-08-30 22:20:57.994] [MainWindow] Global hover detected at: 1197, 365
[2025-08-30 22:21:04.497] [MainWindow] Global hover detected at: 1560, 488
[2025-08-30 22:21:10.257] [MainWindow] Global hover detected at: 1380, 559
[2025-08-30 22:21:14.703] [MainWindow] Global hover detected at: 1498, 590
[2025-08-30 22:21:20.353] [MainWindow] Global hover detected at: 868, 713
[2025-08-30 22:21:25.867] [MainWindow] Global hover detected at: 1210, 518
[2025-08-30 22:21:30.234] [MainWindow] Global hover detected at: 1164, 368
[2025-08-30 22:21:36.137] [MainWindow] Global hook disabled
[2025-08-30 22:21:38.436] [MainWindow] Global hook enabled
[2025-08-30 22:21:40.652] [MainWindow] Global hover detected at: 1131, 369
[2025-08-30 22:21:45.808] [MainWindow] Global hover detected at: 1412, 938
